<?xml version="1.0" encoding="UTF-8"?>
<!-- Generated by org.testng.reporters.JUnitReportReporter -->
<testsuite hostname="baaeddeeed322227336beebacfadacfctwo-0" failures="0" tests="3" name="com.rwd.TestRWD" time="21.662" errors="0" timestamp="2025-01-12T18:36:04 UTC" skipped="0">
  <testcase classname="com.rwd.TestRWD" name="desktopView" time="7.859"/>
  <testcase classname="com.rwd.TestRWD" name="tabView" time="6.838"/>
  <testcase classname="com.rwd.TestRWD" name="mobileView" time="6.965"/>
</testsuite> <!-- com.rwd.TestRWD -->
